<?xml version="1.0" encoding="UTF-8"?>
<!-- Generated by org.testng.reporters.JUnitReportReporter -->
<testsuite skipped="0" hostname="Vison2020" name="com.inetbanking.testCases.TC_LoginTest_001" tests="1" failures="0" timestamp="23 Sep 2018 06:29:20 GMT" time="1.008" errors="0">
  <testcase name="loginTest" time="1.008" classname="com.inetbanking.testCases.TC_LoginTest_001"/>
</testsuite> <!-- com.inetbanking.testCases.TC_LoginTest_001 -->
