<?xml version="1.0" encoding="UTF-8"?>
<!-- Generated by org.testng.reporters.JUnitReportReporter -->
<testsuite skipped="0" hostname="Vison2020" name="com.inetbanking.testCases.TC_AddCustomerTest_003" tests="1" failures="0" timestamp="18 Sep 2018 07:09:15 GMT" time="12.931" errors="0">
  <testcase name="addNewCustomer" time="12.931" classname="com.inetbanking.testCases.TC_AddCustomerTest_003"/>
</testsuite> <!-- com.inetbanking.testCases.TC_AddCustomerTest_003 -->
